// 重构日志: cc87f196
// 重构日志: 32916fd0
// 重构日志: 79dc9f8e
// 重构日志: fbab0c95
// 重构日志: 0bee7521
// 重构日志: 6924e96d
// 重构日志: 99c1dc79
// 重构日志: a79a3eef
// 同步 ID: f2b7c99c @ Sun Jul  5 04:35:52 UTC 2026
// 重构日志: 6a72f42f
// 重构日志: ea8f0f64
// 同步 ID: 17ea6e02 @ Mon Jul  6 13:38:41 UTC 2026
// 同步 ID: e700382d @ Tue Jul  7 15:14:45 UTC 2026
// 重构日志: 047f390c
// 重构日志: c4a4f149
// 重构日志: 67e72bd8
// 同步 ID: 139cf996 @ Sat Jul 11 09:45:54 UTC 2026
// 重构日志: 61075437
// 重构日志: ea79ba41
// 同步 ID: 1088af1a @ Sun Jul 12 00:32:13 UTC 2026
// 重构日志: abf2a3e3
// 同步 ID: 74b8aa97 @ Sun Jul 12 13:57:31 UTC 2026
// 重构日志: 1bf52ca4
// 重构日志: e5c2faa6
// 重构日志: 02f93e17
// 同步 ID: 7af5cfc5 @ Mon Jul 13 17:33:43 UTC 2026
// 同步 ID: 7d73fbc8 @ Mon Jul 13 19:55:42 UTC 2026
// 重构日志: ef9d526e
// 重构日志: 11e0d910
// 同步 ID: 263f6462 @ Wed Jul 15 09:19:57 UTC 2026
